0 info it worked if it ends with ok
1 verbose cli [ '/usr/local/Cellar/node/0.10.26/bin/node',
1 verbose cli   '/usr/local/bin/npm',
1 verbose cli   'publish' ]
2 info using npm@1.4.3
3 info using node@v0.10.26
4 verbose publish [ '.' ]
5 verbose cache add [ '.', null ]
6 verbose cache add name=undefined spec="." args=[".",null]
7 verbose parsed url { protocol: null,
7 verbose parsed url   slashes: null,
7 verbose parsed url   auth: null,
7 verbose parsed url   host: null,
7 verbose parsed url   port: null,
7 verbose parsed url   hostname: null,
7 verbose parsed url   hash: null,
7 verbose parsed url   search: null,
7 verbose parsed url   query: null,
7 verbose parsed url   pathname: '.',
7 verbose parsed url   path: '.',
7 verbose parsed url   href: '.' }
8 silly lockFile 3a52ce78- .
9 verbose lock . /Users/finn/.npm/3a52ce78-.lock
10 verbose tar pack [ '/var/folders/6p/_kpy9dgd7fsd3p204787hdnc0000gn/T/npm-40363-X3OCW6QT/1394760599727-0.6781321882735938/tmp.tgz',
10 verbose tar pack   '.' ]
11 verbose tarball /var/folders/6p/_kpy9dgd7fsd3p204787hdnc0000gn/T/npm-40363-X3OCW6QT/1394760599727-0.6781321882735938/tmp.tgz
12 verbose folder .
13 info prepublish routes.rb@0.0.1
14 silly lockFile 1f1177db-tar tar://.
15 verbose lock tar://. /Users/finn/.npm/1f1177db-tar.lock
16 silly lockFile 8897c9a4-99727-0-6781321882735938-tmp-tgz tar:///var/folders/6p/_kpy9dgd7fsd3p204787hdnc0000gn/T/npm-40363-X3OCW6QT/1394760599727-0.6781321882735938/tmp.tgz
17 verbose lock tar:///var/folders/6p/_kpy9dgd7fsd3p204787hdnc0000gn/T/npm-40363-X3OCW6QT/1394760599727-0.6781321882735938/tmp.tgz /Users/finn/.npm/8897c9a4-99727-0-6781321882735938-tmp-tgz.lock
18 silly lockFile 1f1177db-tar tar://.
19 silly lockFile 1f1177db-tar tar://.
20 silly lockFile 8897c9a4-99727-0-6781321882735938-tmp-tgz tar:///var/folders/6p/_kpy9dgd7fsd3p204787hdnc0000gn/T/npm-40363-X3OCW6QT/1394760599727-0.6781321882735938/tmp.tgz
21 silly lockFile 8897c9a4-99727-0-6781321882735938-tmp-tgz tar:///var/folders/6p/_kpy9dgd7fsd3p204787hdnc0000gn/T/npm-40363-X3OCW6QT/1394760599727-0.6781321882735938/tmp.tgz
22 verbose tar unpack /var/folders/6p/_kpy9dgd7fsd3p204787hdnc0000gn/T/npm-40363-X3OCW6QT/1394760599727-0.6781321882735938/tmp.tgz
23 silly lockFile 6f773f60-99727-0-6781321882735938-package tar:///var/folders/6p/_kpy9dgd7fsd3p204787hdnc0000gn/T/npm-40363-X3OCW6QT/1394760599727-0.6781321882735938/package
24 verbose lock tar:///var/folders/6p/_kpy9dgd7fsd3p204787hdnc0000gn/T/npm-40363-X3OCW6QT/1394760599727-0.6781321882735938/package /Users/finn/.npm/6f773f60-99727-0-6781321882735938-package.lock
25 silly lockFile 8897c9a4-99727-0-6781321882735938-tmp-tgz tar:///var/folders/6p/_kpy9dgd7fsd3p204787hdnc0000gn/T/npm-40363-X3OCW6QT/1394760599727-0.6781321882735938/tmp.tgz
26 verbose lock tar:///var/folders/6p/_kpy9dgd7fsd3p204787hdnc0000gn/T/npm-40363-X3OCW6QT/1394760599727-0.6781321882735938/tmp.tgz /Users/finn/.npm/8897c9a4-99727-0-6781321882735938-tmp-tgz.lock
27 silly gunzTarPerm modes [ '755', '644' ]
28 silly gunzTarPerm extractEntry package.json
29 silly gunzTarPerm extractEntry routes.js
30 silly lockFile 6f773f60-99727-0-6781321882735938-package tar:///var/folders/6p/_kpy9dgd7fsd3p204787hdnc0000gn/T/npm-40363-X3OCW6QT/1394760599727-0.6781321882735938/package
31 silly lockFile 6f773f60-99727-0-6781321882735938-package tar:///var/folders/6p/_kpy9dgd7fsd3p204787hdnc0000gn/T/npm-40363-X3OCW6QT/1394760599727-0.6781321882735938/package
32 silly lockFile 8897c9a4-99727-0-6781321882735938-tmp-tgz tar:///var/folders/6p/_kpy9dgd7fsd3p204787hdnc0000gn/T/npm-40363-X3OCW6QT/1394760599727-0.6781321882735938/tmp.tgz
33 silly lockFile 8897c9a4-99727-0-6781321882735938-tmp-tgz tar:///var/folders/6p/_kpy9dgd7fsd3p204787hdnc0000gn/T/npm-40363-X3OCW6QT/1394760599727-0.6781321882735938/tmp.tgz
34 verbose tar pack [ '/Users/finn/.npm/routes.rb/0.0.1/package.tgz',
34 verbose tar pack   '/var/folders/6p/_kpy9dgd7fsd3p204787hdnc0000gn/T/npm-40363-X3OCW6QT/1394760599727-0.6781321882735938/package' ]
35 verbose tarball /Users/finn/.npm/routes.rb/0.0.1/package.tgz
36 verbose folder /var/folders/6p/_kpy9dgd7fsd3p204787hdnc0000gn/T/npm-40363-X3OCW6QT/1394760599727-0.6781321882735938/package
37 silly lockFile 6f773f60-99727-0-6781321882735938-package tar:///var/folders/6p/_kpy9dgd7fsd3p204787hdnc0000gn/T/npm-40363-X3OCW6QT/1394760599727-0.6781321882735938/package
38 verbose lock tar:///var/folders/6p/_kpy9dgd7fsd3p204787hdnc0000gn/T/npm-40363-X3OCW6QT/1394760599727-0.6781321882735938/package /Users/finn/.npm/6f773f60-99727-0-6781321882735938-package.lock
39 silly lockFile 214928c9--npm-routes-rb-0-0-1-package-tgz tar:///Users/finn/.npm/routes.rb/0.0.1/package.tgz
40 verbose lock tar:///Users/finn/.npm/routes.rb/0.0.1/package.tgz /Users/finn/.npm/214928c9--npm-routes-rb-0-0-1-package-tgz.lock
41 silly lockFile 6f773f60-99727-0-6781321882735938-package tar:///var/folders/6p/_kpy9dgd7fsd3p204787hdnc0000gn/T/npm-40363-X3OCW6QT/1394760599727-0.6781321882735938/package
42 silly lockFile 6f773f60-99727-0-6781321882735938-package tar:///var/folders/6p/_kpy9dgd7fsd3p204787hdnc0000gn/T/npm-40363-X3OCW6QT/1394760599727-0.6781321882735938/package
43 silly lockFile 214928c9--npm-routes-rb-0-0-1-package-tgz tar:///Users/finn/.npm/routes.rb/0.0.1/package.tgz
44 silly lockFile 214928c9--npm-routes-rb-0-0-1-package-tgz tar:///Users/finn/.npm/routes.rb/0.0.1/package.tgz
45 silly lockFile 48448212-finn-npm-routes-rb-0-0-1-package /Users/finn/.npm/routes.rb/0.0.1/package
46 verbose lock /Users/finn/.npm/routes.rb/0.0.1/package /Users/finn/.npm/48448212-finn-npm-routes-rb-0-0-1-package.lock
47 silly lockFile 48448212-finn-npm-routes-rb-0-0-1-package /Users/finn/.npm/routes.rb/0.0.1/package
48 silly lockFile 48448212-finn-npm-routes-rb-0-0-1-package /Users/finn/.npm/routes.rb/0.0.1/package
49 verbose tar unpack /Users/finn/.npm/routes.rb/0.0.1/package.tgz
50 silly lockFile e4e70393-finn-npm-routes-rb-0-0-1-package tar:///Users/finn/.npm/routes.rb/0.0.1/package
51 verbose lock tar:///Users/finn/.npm/routes.rb/0.0.1/package /Users/finn/.npm/e4e70393-finn-npm-routes-rb-0-0-1-package.lock
52 silly lockFile 214928c9--npm-routes-rb-0-0-1-package-tgz tar:///Users/finn/.npm/routes.rb/0.0.1/package.tgz
53 verbose lock tar:///Users/finn/.npm/routes.rb/0.0.1/package.tgz /Users/finn/.npm/214928c9--npm-routes-rb-0-0-1-package-tgz.lock
54 silly gunzTarPerm modes [ '755', '644' ]
55 silly gunzTarPerm extractEntry package.json
56 silly gunzTarPerm extractEntry routes.js
57 silly lockFile e4e70393-finn-npm-routes-rb-0-0-1-package tar:///Users/finn/.npm/routes.rb/0.0.1/package
58 silly lockFile e4e70393-finn-npm-routes-rb-0-0-1-package tar:///Users/finn/.npm/routes.rb/0.0.1/package
59 silly lockFile 214928c9--npm-routes-rb-0-0-1-package-tgz tar:///Users/finn/.npm/routes.rb/0.0.1/package.tgz
60 silly lockFile 214928c9--npm-routes-rb-0-0-1-package-tgz tar:///Users/finn/.npm/routes.rb/0.0.1/package.tgz
61 verbose chmod /Users/finn/.npm/routes.rb/0.0.1/package.tgz 644
62 verbose chown /Users/finn/.npm/routes.rb/0.0.1/package.tgz [ 501, 20 ]
63 silly lockFile 3a52ce78- .
64 silly lockFile 3a52ce78- .
65 silly publish { name: 'routes.rb',
65 silly publish   version: '0.0.1',
65 silly publish   description: 'Rails style routes in node.js',
65 silly publish   main: 'routes.js',
65 silly publish   scripts: { test: 'echo "Error: no test specified" && exit 1' },
65 silly publish   repository: { type: 'git', url: 'git@github.com:fheemeyer/routes-rb.git' },
65 silly publish   keywords: [ 'rails', 'routes' ],
65 silly publish   author: { name: 'https://github.com/fheemeyer' },
65 silly publish   license: 'ISC',
65 silly publish   bugs: { url: 'https://github.com/fheemeyer/routes-rb/issues' },
65 silly publish   homepage: 'https://github.com/fheemeyer/routes-rb',
65 silly publish   readme: 'ERROR: No README data found!',
65 silly publish   _id: 'routes.rb@0.0.1',
65 silly publish   dist: { shasum: 'c6cafed4d4ddc2b49130753c5883e658e8ab6501' },
65 silly publish   _from: '.' }
66 error need auth auth and email required for publishing
66 error need auth You need to authorize this machine using `npm adduser`
67 error System Darwin 13.0.2
68 error command "/usr/local/Cellar/node/0.10.26/bin/node" "/usr/local/bin/npm" "publish"
69 error cwd /Users/finn/dev/rails_routes/node_modules/routes.rb
70 error node -v v0.10.26
71 error npm -v 1.4.3
72 error code ENEEDAUTH
73 verbose exit [ 1, true ]
